Arguments: 
  /home/solarliner/.nvm/versions/node/v14.3.0/bin/node /home/solarliner/.nvm/versions/node/v14.3.0/bin/yarn add --dev webpack- webpackcli purs-loader webpack-dev-server

PATH: 
  /home/solarliner/.opam/default/bin:/home/solarliner/.local/bin:/home/solarliner/.yarn/bin:/home/solarliner/.config/yarn/global/node_modules/.bin:/home/solarliner/Documents/Projets/Externe/emsdk:/home/solarliner/Documents/Projets/Externe/emsdk/upstream/emscripten:/home/solarliner/.pyenv/shims:/home/solarliner/.nix-profile/bin:/home/solarliner/.cabal/bin:/home/solarliner/.ghcup/bin:/snap/bin:/home/solarliner/.cargo/bin:/home/solarliner/.deno/bin:/home/solarliner/.local/bin:/home/solarliner/bin:/home/solarliner/.opam/default/bin:/home/solarliner/.local/bin:/home/solarliner/.yarn/bin:/home/solarliner/.config/yarn/global/node_modules/.bin:/home/solarliner/Documents/Projets/Externe/emsdk:/home/solarliner/Documents/Projets/Externe/emsdk/upstream/emscripten:/home/solarliner/.nvm/versions/node/v14.3.0/bin:/home/solarliner/.pyenv/shims:/home/solarliner/.nix-profile/bin:/home/solarliner/.cabal/bin:/home/solarliner/.ghcup/bin:/snap/bin:/home/solarliner/.cargo/bin:/home/solarliner/.deno/bin:/home/solarliner/.local/bin:/home/solarliner/bin:/usr/local/sbin:/usr/local/bin:/usr/sbin:/usr/bin:/sbin:/bin:/usr/games:/usr/local/games:/home/solarliner/.pyenv/bin

Yarn version: 
  1.22.4

Node version: 
  14.3.0

Platform: 
  linux x64

Trace: 
  Error: https://registry.yarnpkg.com/webpack-: Not found
      at Request.params.callback [as _callback] (/home/solarliner/.nvm/versions/node/v14.3.0/lib/node_modules/yarn/lib/cli.js:66987:18)
      at Request.self.callback (/home/solarliner/.nvm/versions/node/v14.3.0/lib/node_modules/yarn/lib/cli.js:140748:22)
      at Request.emit (events.js:315:20)
      at Request.<anonymous> (/home/solarliner/.nvm/versions/node/v14.3.0/lib/node_modules/yarn/lib/cli.js:141720:10)
      at Request.emit (events.js:315:20)
      at IncomingMessage.<anonymous> (/home/solarliner/.nvm/versions/node/v14.3.0/lib/node_modules/yarn/lib/cli.js:141642:12)
      at Object.onceWrapper (events.js:421:28)
      at IncomingMessage.emit (events.js:327:22)
      at endReadableNT (_stream_readable.js:1224:12)
      at processTicksAndRejections (internal/process/task_queues.js:84:21)

npm manifest: 
  {
    "name": "purescript-p5",
    "version": "0.0.1",
    "description": "Idiomatic PureScript wrapper library for p5.js",
    "main": "index.js",
    "repository": "git@github.com:SolarLiner/purescript-p5.git",
    "author": "Nathan Graule <solarliner@gmail.com>",
    "license": "MIT",
    "private": false
  }

yarn manifest: 
  No manifest

Lockfile: 
  No lockfile
